<?xml version="1.0" encoding="UTF-8"?>
<testng-results skipped="0" failed="0" ignored="0" total="1" passed="1">
  <reporter-output>
  </reporter-output>
  <suite name="twoBedroomSearchTest" duration-ms="64448" started-at="2017-05-26T13:09:03Z" finished-at="2017-05-26T13:10:07Z">
    <groups>
    </groups>
    <test name="Command line test" duration-ms="64448" started-at="2017-05-26T13:09:03Z" finished-at="2017-05-26T13:10:07Z">
      <class name="twoBedroomSearchTest">
        <test-method status="PASS" signature="setUp()[pri:0, instance:twoBedroomSearchTest@2cd76f31]" name="setUp" is-config="true" duration-ms="767" started-at="2017-05-26T17:09:03Z" finished-at="2017-05-26T17:09:04Z">
          <reporter-output>
          </reporter-output>
        </test-method> <!-- setUp -->
        <test-method status="PASS" signature="twoBedroomSearchTest()[pri:0, instance:twoBedroomSearchTest@2cd76f31]" name="twoBedroomSearchTest" duration-ms="60192" started-at="2017-05-26T17:09:04Z" finished-at="2017-05-26T17:10:04Z">
          <reporter-output>
          </reporter-output>
        </test-method> <!-- twoBedroomSearchTest -->
        <test-method status="PASS" signature="teardown()[pri:0, instance:twoBedroomSearchTest@2cd76f31]" name="teardown" is-config="true" duration-ms="3392" started-at="2017-05-26T17:10:04Z" finished-at="2017-05-26T17:10:07Z">
          <reporter-output>
          </reporter-output>
        </test-method> <!-- teardown -->
      </class> <!-- twoBedroomSearchTest -->
    </test> <!-- Command line test -->
  </suite> <!-- twoBedroomSearchTest -->
</testng-results>
